Determining if the pthread_create exist failed with the following output:
Change Dir: /home/mete/Desktop/aruco_ws/src/aruco_ros-build/CMakeFiles/CMakeTmp

Run Build Command:"/usr/bin/make" "cmTC_d7812/fast"
/usr/bin/make -f CMakeFiles/cmTC_d7812.dir/build.make CMakeFiles/cmTC_d7812.dir/build
make[1]: Entering directory '/home/mete/Desktop/aruco_ws/src/aruco_ros-build/CMakeFiles/CMakeTmp'
Building C object CMakeFiles/cmTC_d7812.dir/CheckSymbolExists.c.o
/usr/bin/cc     -o CMakeFiles/cmTC_d7812.dir/CheckSymbolExists.c.o   -c /home/mete/Desktop/aruco_ws/src/aruco_ros-build/CMakeFiles/CMakeTmp/CheckSymbolExists.c
Linking C executable cmTC_d7812
/usr/bin/cmake -E cmake_link_script CMakeFiles/cmTC_d7812.dir/link.txt --verbose=1
/usr/bin/cc       CMakeFiles/cmTC_d7812.dir/CheckSymbolExists.c.o  -o cmTC_d7812 -rdynamic 
CMakeFiles/cmTC_d7812.dir/CheckSymbolExists.c.o: In function `main':
CheckSymbolExists.c:(.text+0x16): undefined reference to `pthread_create'
collect2: error: ld returned 1 exit status
CMakeFiles/cmTC_d7812.dir/build.make:97: recipe for target 'cmTC_d7812' failed
make[1]: *** [cmTC_d7812] Error 1
make[1]: Leaving directory '/home/mete/Desktop/aruco_ws/src/aruco_ros-build/CMakeFiles/CMakeTmp'
Makefile:126: recipe for target 'cmTC_d7812/fast' failed
make: *** [cmTC_d7812/fast] Error 2

File /home/mete/Desktop/aruco_ws/src/aruco_ros-build/CMakeFiles/CMakeTmp/CheckSymbolExists.c:
/* */
#include <pthread.h>

int main(int argc, char** argv)
{
  (void)argv;
#ifndef pthread_create
  return ((int*)(&pthread_create))[argc];
#else
  (void)argc;
  return 0;
#endif
}

Determining if the function pthread_create exists in the pthreads failed with the following output:
Change Dir: /home/mete/Desktop/aruco_ws/src/aruco_ros-build/CMakeFiles/CMakeTmp

Run Build Command:"/usr/bin/make" "cmTC_2220c/fast"
/usr/bin/make -f CMakeFiles/cmTC_2220c.dir/build.make CMakeFiles/cmTC_2220c.dir/build
make[1]: Entering directory '/home/mete/Desktop/aruco_ws/src/aruco_ros-build/CMakeFiles/CMakeTmp'
Building C object CMakeFiles/cmTC_2220c.dir/CheckFunctionExists.c.o
/usr/bin/cc    -DCHECK_FUNCTION_EXISTS=pthread_create   -o CMakeFiles/cmTC_2220c.dir/CheckFunctionExists.c.o   -c /usr/share/cmake-3.5/Modules/CheckFunctionExists.c
Linking C executable cmTC_2220c
/usr/bin/cmake -E cmake_link_script CMakeFiles/cmTC_2220c.dir/link.txt --verbose=1
/usr/bin/cc   -DCHECK_FUNCTION_EXISTS=pthread_create    CMakeFiles/cmTC_2220c.dir/CheckFunctionExists.c.o  -o cmTC_2220c -rdynamic -lpthreads 
/usr/bin/ld: cannot find -lpthreads
collect2: error: ld returned 1 exit status
CMakeFiles/cmTC_2220c.dir/build.make:97: recipe for target 'cmTC_2220c' failed
make[1]: *** [cmTC_2220c] Error 1
make[1]: Leaving directory '/home/mete/Desktop/aruco_ws/src/aruco_ros-build/CMakeFiles/CMakeTmp'
Makefile:126: recipe for target 'cmTC_2220c/fast' failed
make: *** [cmTC_2220c/fast] Error 2


