Determining if the pthread_create exist failed with the following output:
Change Dir: /home/mete/Desktop/aruco_ws/build/CMakeFiles/CMakeTmp

Run Build Command:"/usr/bin/make" "cmTC_079cb/fast"
/usr/bin/make -f CMakeFiles/cmTC_079cb.dir/build.make CMakeFiles/cmTC_079cb.dir/build
make[1]: Entering directory '/home/mete/Desktop/aruco_ws/build/CMakeFiles/CMakeTmp'
Building C object CMakeFiles/cmTC_079cb.dir/CheckSymbolExists.c.o
/usr/bin/cc     -o CMakeFiles/cmTC_079cb.dir/CheckSymbolExists.c.o   -c /home/mete/Desktop/aruco_ws/build/CMakeFiles/CMakeTmp/CheckSymbolExists.c
Linking C executable cmTC_079cb
/usr/bin/cmake -E cmake_link_script CMakeFiles/cmTC_079cb.dir/link.txt --verbose=1
/usr/bin/cc       CMakeFiles/cmTC_079cb.dir/CheckSymbolExists.c.o  -o cmTC_079cb -rdynamic 
CMakeFiles/cmTC_079cb.dir/CheckSymbolExists.c.o: In function `main':
CheckSymbolExists.c:(.text+0x16): undefined reference to `pthread_create'
collect2: error: ld returned 1 exit status
CMakeFiles/cmTC_079cb.dir/build.make:97: recipe for target 'cmTC_079cb' failed
make[1]: *** [cmTC_079cb] Error 1
make[1]: Leaving directory '/home/mete/Desktop/aruco_ws/build/CMakeFiles/CMakeTmp'
Makefile:126: recipe for target 'cmTC_079cb/fast' failed
make: *** [cmTC_079cb/fast] Error 2

File /home/mete/Desktop/aruco_ws/build/CMakeFiles/CMakeTmp/CheckSymbolExists.c:
/* */
#include <pthread.h>

int main(int argc, char** argv)
{
  (void)argv;
#ifndef pthread_create
  return ((int*)(&pthread_create))[argc];
#else
  (void)argc;
  return 0;
#endif
}

Determining if the function pthread_create exists in the pthreads failed with the following output:
Change Dir: /home/mete/Desktop/aruco_ws/build/CMakeFiles/CMakeTmp

Run Build Command:"/usr/bin/make" "cmTC_048c0/fast"
/usr/bin/make -f CMakeFiles/cmTC_048c0.dir/build.make CMakeFiles/cmTC_048c0.dir/build
make[1]: Entering directory '/home/mete/Desktop/aruco_ws/build/CMakeFiles/CMakeTmp'
Building C object CMakeFiles/cmTC_048c0.dir/CheckFunctionExists.c.o
/usr/bin/cc    -DCHECK_FUNCTION_EXISTS=pthread_create   -o CMakeFiles/cmTC_048c0.dir/CheckFunctionExists.c.o   -c /usr/share/cmake-3.5/Modules/CheckFunctionExists.c
Linking C executable cmTC_048c0
/usr/bin/cmake -E cmake_link_script CMakeFiles/cmTC_048c0.dir/link.txt --verbose=1
/usr/bin/cc   -DCHECK_FUNCTION_EXISTS=pthread_create    CMakeFiles/cmTC_048c0.dir/CheckFunctionExists.c.o  -o cmTC_048c0 -rdynamic -lpthreads 
/usr/bin/ld: cannot find -lpthreads
collect2: error: ld returned 1 exit status
CMakeFiles/cmTC_048c0.dir/build.make:97: recipe for target 'cmTC_048c0' failed
make[1]: *** [cmTC_048c0] Error 1
make[1]: Leaving directory '/home/mete/Desktop/aruco_ws/build/CMakeFiles/CMakeTmp'
Makefile:126: recipe for target 'cmTC_048c0/fast' failed
make: *** [cmTC_048c0/fast] Error 2


